<testsuites id="" name="" tests="51" failures="1" skipped="43" errors="0" time="45.061514">
<testsuite name="GlobalDropdown.spec.js" timestamp="2024-10-15T07:26:32.195Z" hostname="chromium" tests="1" failures="0" skipped="0" time="7.742" errors="0">
<testcase name="GlobalDropdown Component › Login Test" classname="GlobalDropdown.spec.js" time="7.742">
</testcase>
</testsuite>
<testsuite name="Navbar.spec.js" timestamp="2024-10-15T07:26:32.195Z" hostname="chromium" tests="1" failures="1" skipped="0" time="11.992" errors="0">
<testcase name="test" classname="Navbar.spec.js" time="11.992">
<failure message="Navbar.spec.js:14:5 test" type="FAILURE">
<![CDATA[  [chromium] › Navbar.spec.js:14:5 › test ──────────────────────────────────────────────────────────

    Error: Timed out 5000ms waiting for expect(locator).toHaveTitle(expected)

    Locator: locator(':root')
    Expected string: "Logiin"
    Received string: "React App"
    Call log:
      - expect.toHaveTitle with timeout 5000ms
      - waiting for locator(':root')
      -   locator resolved to <html lang="en">…</html>
      -   unexpected value "React App"
      -   locator resolved to <html lang="en">…</html>
      -   unexpected value "React App"
      -   locator resolved to <html lang="en">…</html>
      -   unexpected value "React App"
      -   locator resolved to <html lang="en">…</html>
      -   unexpected value "React App"
      -   locator resolved to <html lang="en">…</html>
      -   unexpected value "React App"
      -   locator resolved to <html lang="en">…</html>
      -   unexpected value "React App"
      -   locator resolved to <html lang="en">…</html>
      -   unexpected value "React App"
      -   locator resolved to <html lang="en">…</html>
      -   unexpected value "React App"


      14 | test("test", async ({ page }) => {
      15 |    await page.goto("http://localhost:3000/");
    > 16 |    await expect(page).toHaveTitle("Logiin");
         |                       ^
      17 | });

        at D:\Demo\react-demo-project\tests\Navbar.spec.js:16:23
]]>
</failure>
</testcase>
</testsuite>
<testsuite name="NewGlobalTable.spec.js" timestamp="2024-10-15T07:26:32.195Z" hostname="chromium" tests="9" failures="0" skipped="3" time="55.016" errors="0">
<testcase name="GlobalTable Component › should render Global Table with default props" classname="NewGlobalTable.spec.js" time="9.657">
</testcase>
<testcase name="GlobalTable Component › should show search bar if searchable is true" classname="NewGlobalTable.spec.js" time="7.188">
</testcase>
<testcase name="GlobalTable Component › should search on button click only." classname="NewGlobalTable.spec.js" time="10.372">
</testcase>
<testcase name="GlobalTable Component › to render data on page change " classname="NewGlobalTable.spec.js" time="7.881">
</testcase>
<testcase name="GlobalTable Component › should reset search and fetch all data" classname="NewGlobalTable.spec.js" time="9.908">
</testcase>
<testcase name="GlobalTable Component › should display no data found message when there are no results" classname="NewGlobalTable.spec.js" time="9.053">
</testcase>
<testcase name="GlobalTable Component › show show filter sidebar " classname="NewGlobalTable.spec.js" time="0.782">
<skipped>
</skipped>
</testcase>
<testcase name="GlobalTable Component › should show filter data" classname="NewGlobalTable.spec.js" time="0.175">
<skipped>
</skipped>
</testcase>
<testcase name="GlobalTable Component › should show filter data on multiple selection" classname="NewGlobalTable.spec.js" time="0">
<skipped>
</skipped>
</testcase>
</testsuite>
<testsuite name="PaginateAutoComplete.spec.js" timestamp="2024-10-15T07:26:32.195Z" hostname="chromium" tests="6" failures="0" skipped="6" time="0" errors="0">
<testcase name="PaginateAutoComplete Component › should render Autocomplete with default props" classname="PaginateAutoComplete.spec.js" time="0">
<skipped>
</skipped>
</testcase>
<testcase name="PaginateAutoComplete Component › should render placeholder" classname="PaginateAutoComplete.spec.js" time="0">
<skipped>
</skipped>
</testcase>
<testcase name="PaginateAutoComplete Component › should fetch data when opened" classname="PaginateAutoComplete.spec.js" time="0">
<skipped>
</skipped>
</testcase>
<testcase name="PaginateAutoComplete Component › should fetch and filter results based on search input" classname="PaginateAutoComplete.spec.js" time="0">
<skipped>
</skipped>
</testcase>
<testcase name="PaginateAutoComplete Component › should load more options when scrolling" classname="PaginateAutoComplete.spec.js" time="0">
<skipped>
</skipped>
</testcase>
<testcase name="PaginateAutoComplete Component › should clear search and reset data when input is cleared" classname="PaginateAutoComplete.spec.js" time="0">
<skipped>
</skipped>
</testcase>
</testsuite>
<testsuite name="GlobalDropdown.spec.js" timestamp="2024-10-15T07:26:32.195Z" hostname="firefox" tests="1" failures="0" skipped="1" time="0" errors="0">
<testcase name="GlobalDropdown Component › Login Test" classname="GlobalDropdown.spec.js" time="0">
<skipped>
</skipped>
</testcase>
</testsuite>
<testsuite name="Navbar.spec.js" timestamp="2024-10-15T07:26:32.195Z" hostname="firefox" tests="1" failures="0" skipped="1" time="0" errors="0">
<testcase name="test" classname="Navbar.spec.js" time="0">
<skipped>
</skipped>
</testcase>
</testsuite>
<testsuite name="NewGlobalTable.spec.js" timestamp="2024-10-15T07:26:32.195Z" hostname="firefox" tests="9" failures="0" skipped="9" time="0" errors="0">
<testcase name="GlobalTable Component › should render Global Table with default props" classname="NewGlobalTable.spec.js" time="0">
<skipped>
</skipped>
</testcase>
<testcase name="GlobalTable Component › should show search bar if searchable is true" classname="NewGlobalTable.spec.js" time="0">
<skipped>
</skipped>
</testcase>
<testcase name="GlobalTable Component › should search on button click only." classname="NewGlobalTable.spec.js" time="0">
<skipped>
</skipped>
</testcase>
<testcase name="GlobalTable Component › to render data on page change " classname="NewGlobalTable.spec.js" time="0">
<skipped>
</skipped>
</testcase>
<testcase name="GlobalTable Component › should reset search and fetch all data" classname="NewGlobalTable.spec.js" time="0">
<skipped>
</skipped>
</testcase>
<testcase name="GlobalTable Component › should display no data found message when there are no results" classname="NewGlobalTable.spec.js" time="0">
<skipped>
</skipped>
</testcase>
<testcase name="GlobalTable Component › show show filter sidebar " classname="NewGlobalTable.spec.js" time="0">
<skipped>
</skipped>
</testcase>
<testcase name="GlobalTable Component › should show filter data" classname="NewGlobalTable.spec.js" time="0">
<skipped>
</skipped>
</testcase>
<testcase name="GlobalTable Component › should show filter data on multiple selection" classname="NewGlobalTable.spec.js" time="0">
<skipped>
</skipped>
</testcase>
</testsuite>
<testsuite name="PaginateAutoComplete.spec.js" timestamp="2024-10-15T07:26:32.195Z" hostname="firefox" tests="6" failures="0" skipped="6" time="0" errors="0">
<testcase name="PaginateAutoComplete Component › should render Autocomplete with default props" classname="PaginateAutoComplete.spec.js" time="0">
<skipped>
</skipped>
</testcase>
<testcase name="PaginateAutoComplete Component › should render placeholder" classname="PaginateAutoComplete.spec.js" time="0">
<skipped>
</skipped>
</testcase>
<testcase name="PaginateAutoComplete Component › should fetch data when opened" classname="PaginateAutoComplete.spec.js" time="0">
<skipped>
</skipped>
</testcase>
<testcase name="PaginateAutoComplete Component › should fetch and filter results based on search input" classname="PaginateAutoComplete.spec.js" time="0">
<skipped>
</skipped>
</testcase>
<testcase name="PaginateAutoComplete Component › should load more options when scrolling" classname="PaginateAutoComplete.spec.js" time="0">
<skipped>
</skipped>
</testcase>
<testcase name="PaginateAutoComplete Component › should clear search and reset data when input is cleared" classname="PaginateAutoComplete.spec.js" time="0">
<skipped>
</skipped>
</testcase>
</testsuite>
<testsuite name="GlobalDropdown.spec.js" timestamp="2024-10-15T07:26:32.195Z" hostname="webkit" tests="1" failures="0" skipped="1" time="0" errors="0">
<testcase name="GlobalDropdown Component › Login Test" classname="GlobalDropdown.spec.js" time="0">
<skipped>
</skipped>
</testcase>
</testsuite>
<testsuite name="Navbar.spec.js" timestamp="2024-10-15T07:26:32.195Z" hostname="webkit" tests="1" failures="0" skipped="1" time="0" errors="0">
<testcase name="test" classname="Navbar.spec.js" time="0">
<skipped>
</skipped>
</testcase>
</testsuite>
<testsuite name="NewGlobalTable.spec.js" timestamp="2024-10-15T07:26:32.195Z" hostname="webkit" tests="9" failures="0" skipped="9" time="0" errors="0">
<testcase name="GlobalTable Component › should render Global Table with default props" classname="NewGlobalTable.spec.js" time="0">
<skipped>
</skipped>
</testcase>
<testcase name="GlobalTable Component › should show search bar if searchable is true" classname="NewGlobalTable.spec.js" time="0">
<skipped>
</skipped>
</testcase>
<testcase name="GlobalTable Component › should search on button click only." classname="NewGlobalTable.spec.js" time="0">
<skipped>
</skipped>
</testcase>
<testcase name="GlobalTable Component › to render data on page change " classname="NewGlobalTable.spec.js" time="0">
<skipped>
</skipped>
</testcase>
<testcase name="GlobalTable Component › should reset search and fetch all data" classname="NewGlobalTable.spec.js" time="0">
<skipped>
</skipped>
</testcase>
<testcase name="GlobalTable Component › should display no data found message when there are no results" classname="NewGlobalTable.spec.js" time="0">
<skipped>
</skipped>
</testcase>
<testcase name="GlobalTable Component › show show filter sidebar " classname="NewGlobalTable.spec.js" time="0">
<skipped>
</skipped>
</testcase>
<testcase name="GlobalTable Component › should show filter data" classname="NewGlobalTable.spec.js" time="0">
<skipped>
</skipped>
</testcase>
<testcase name="GlobalTable Component › should show filter data on multiple selection" classname="NewGlobalTable.spec.js" time="0">
<skipped>
</skipped>
</testcase>
</testsuite>
<testsuite name="PaginateAutoComplete.spec.js" timestamp="2024-10-15T07:26:32.195Z" hostname="webkit" tests="6" failures="0" skipped="6" time="0" errors="0">
<testcase name="PaginateAutoComplete Component › should render Autocomplete with default props" classname="PaginateAutoComplete.spec.js" time="0">
<skipped>
</skipped>
</testcase>
<testcase name="PaginateAutoComplete Component › should render placeholder" classname="PaginateAutoComplete.spec.js" time="0">
<skipped>
</skipped>
</testcase>
<testcase name="PaginateAutoComplete Component › should fetch data when opened" classname="PaginateAutoComplete.spec.js" time="0">
<skipped>
</skipped>
</testcase>
<testcase name="PaginateAutoComplete Component › should fetch and filter results based on search input" classname="PaginateAutoComplete.spec.js" time="0">
<skipped>
</skipped>
</testcase>
<testcase name="PaginateAutoComplete Component › should load more options when scrolling" classname="PaginateAutoComplete.spec.js" time="0">
<skipped>
</skipped>
</testcase>
<testcase name="PaginateAutoComplete Component › should clear search and reset data when input is cleared" classname="PaginateAutoComplete.spec.js" time="0">
<skipped>
</skipped>
</testcase>
</testsuite>
</testsuites>